This is pdfTeX, Version 3.14159265-2.6-1.40.16 (TeX Live 2015) (preloaded format=pdflatex 2016.1.20)  25 FEB 2016 17:37
entering extended mode
 restricted \write18 enabled.
 file:line:error style messages enabled.
 %&-line parsing enabled.
**ITPD.tex
(./ITPD.tex
LaTeX2e <2015/01/01>
Babel <3.9l> and hyphenation patterns for 79 languages loaded.
(/usr/local/texlive/2015/texmf-dist/tex/latex/base/book.cls
Document Class: book 2014/09/29 v1.4h Standard LaTeX document class
(/usr/local/texlive/2015/texmf-dist/tex/latex/base/bk12.clo
File: bk12.clo 2014/09/29 v1.4h Standard LaTeX file (size option)
)
\c@part=\count79
\c@chapter=\count80
\c@section=\count81
\c@subsection=\count82
\c@subsubsection=\count83
\c@paragraph=\count84
\c@subparagraph=\count85
\c@figure=\count86
\c@table=\count87
\abovecaptionskip=\skip41
\belowcaptionskip=\skip42
\bibindent=\dimen102
)
(/usr/local/texlive/2015/texmf-dist/tex/latex/geometry/geometry.sty
Package: geometry 2010/09/12 v5.6 Page Geometry

(/usr/local/texlive/2015/texmf-dist/tex/latex/graphics/keyval.sty
Package: keyval 2014/10/28 v1.15 key=value parser (DPC)
\KV@toks@=\toks14
)
(/usr/local/texlive/2015/texmf-dist/tex/generic/oberdiek/ifpdf.sty
Package: ifpdf 2011/01/30 v2.3 Provides the ifpdf switch (HO)
Package ifpdf Info: pdfTeX in PDF mode is detected.
)
(/usr/local/texlive/2015/texmf-dist/tex/generic/oberdiek/ifvtex.sty
Package: ifvtex 2010/03/01 v1.5 Detect VTeX and its facilities (HO)
Package ifvtex Info: VTeX not detected.
)
(/usr/local/texlive/2015/texmf-dist/tex/generic/ifxetex/ifxetex.sty
Package: ifxetex 2010/09/12 v0.6 Provides ifxetex conditional
)
\Gm@cnth=\count88
\Gm@cntv=\count89
\c@Gm@tempcnt=\count90
\Gm@bindingoffset=\dimen103
\Gm@wd@mp=\dimen104
\Gm@odd@mp=\dimen105
\Gm@even@mp=\dimen106
\Gm@layoutwidth=\dimen107
\Gm@layoutheight=\dimen108
\Gm@layouthoffset=\dimen109
\Gm@layoutvoffset=\dimen110
\Gm@dimlist=\toks15
)
(/usr/local/texlive/2015/texmf-dist/tex/latex/graphics/graphicx.sty
Package: graphicx 2014/10/28 v1.0g Enhanced LaTeX Graphics (DPC,SPQR)

(/usr/local/texlive/2015/texmf-dist/tex/latex/graphics/graphics.sty
Package: graphics 2014/10/28 v1.0p Standard LaTeX Graphics (DPC,SPQR)

(/usr/local/texlive/2015/texmf-dist/tex/latex/graphics/trig.sty
Package: trig 1999/03/16 v1.09 sin cos tan (DPC)
)
(/usr/local/texlive/2015/texmf-dist/tex/latex/latexconfig/graphics.cfg
File: graphics.cfg 2010/04/23 v1.9 graphics configuration of TeX Live
)
Package graphics Info: Driver file: pdftex.def on input line 94.

(/usr/local/texlive/2015/texmf-dist/tex/latex/pdftex-def/pdftex.def
File: pdftex.def 2011/05/27 v0.06d Graphics/color for pdfTeX

(/usr/local/texlive/2015/texmf-dist/tex/generic/oberdiek/infwarerr.sty
Package: infwarerr 2010/04/08 v1.3 Providing info/warning/error messages (HO)
)
(/usr/local/texlive/2015/texmf-dist/tex/generic/oberdiek/ltxcmds.sty
Package: ltxcmds 2011/11/09 v1.22 LaTeX kernel commands for general use (HO)
)
\Gread@gobject=\count91
))
\Gin@req@height=\dimen111
\Gin@req@width=\dimen112
)
(/usr/local/texlive/2015/texmf-dist/tex/latex/amsfonts/amssymb.sty
Package: amssymb 2013/01/14 v3.01 AMS font symbols

(/usr/local/texlive/2015/texmf-dist/tex/latex/amsfonts/amsfonts.sty
Package: amsfonts 2013/01/14 v3.01 Basic AMSFonts support
\@emptytoks=\toks16
\symAMSa=\mathgroup4
\symAMSb=\mathgroup5
LaTeX Font Info:    Overwriting math alphabet `\mathfrak' in version `bold'
(Font)                  U/euf/m/n --> U/euf/b/n on input line 106.
))
(/usr/local/texlive/2015/texmf-dist/tex/latex/fancyhdr/fancyhdr.sty
\fancy@headwidth=\skip43
\f@ncyO@elh=\skip44
\f@ncyO@erh=\skip45
\f@ncyO@olh=\skip46
\f@ncyO@orh=\skip47
\f@ncyO@elf=\skip48
\f@ncyO@erf=\skip49
\f@ncyO@olf=\skip50
\f@ncyO@orf=\skip51
)
(/usr/local/texlive/2015/texmf-dist/tex/latex/graphics/color.sty
Package: color 2014/10/28 v1.1a Standard LaTeX Color (DPC)

(/usr/local/texlive/2015/texmf-dist/tex/latex/latexconfig/color.cfg
File: color.cfg 2007/01/18 v1.5 color configuration of teTeX/TeXLive
)
Package color Info: Driver file: pdftex.def on input line 142.
)
(/usr/local/texlive/2015/texmf-dist/tex/latex/base/inputenc.sty
Package: inputenc 2015/03/17 v1.2c Input encoding file
\inpenc@prehook=\toks17
\inpenc@posthook=\toks18

(/usr/local/texlive/2015/texmf-dist/tex/latex/base/latin1.def
File: latin1.def 2015/03/17 v1.2c Input encoding file
))
(/usr/local/texlive/2015/texmf-dist/tex/latex/amsmath/amsmath.sty
Package: amsmath 2013/01/14 v2.14 AMS math features
\@mathmargin=\skip52

For additional information on amsmath, use the `?' option.
(/usr/local/texlive/2015/texmf-dist/tex/latex/amsmath/amstext.sty
Package: amstext 2000/06/29 v2.01

(/usr/local/texlive/2015/texmf-dist/tex/latex/amsmath/amsgen.sty
File: amsgen.sty 1999/11/30 v2.0
\@emptytoks=\toks19
\ex@=\dimen113
))
(/usr/local/texlive/2015/texmf-dist/tex/latex/amsmath/amsbsy.sty
Package: amsbsy 1999/11/29 v1.2d
\pmbraise@=\dimen114
)
(/usr/local/texlive/2015/texmf-dist/tex/latex/amsmath/amsopn.sty
Package: amsopn 1999/12/14 v2.01 operator names
)
\inf@bad=\count92
LaTeX Info: Redefining \frac on input line 210.
\uproot@=\count93
\leftroot@=\count94
LaTeX Info: Redefining \overline on input line 306.
\classnum@=\count95
\DOTSCASE@=\count96
LaTeX Info: Redefining \ldots on input line 378.
LaTeX Info: Redefining \dots on input line 381.
LaTeX Info: Redefining \cdots on input line 466.
\Mathstrutbox@=\box26
\strutbox@=\box27
\big@size=\dimen115
LaTeX Font Info:    Redeclaring font encoding OML on input line 566.
LaTeX Font Info:    Redeclaring font encoding OMS on input line 567.
\macc@depth=\count97
\c@MaxMatrixCols=\count98
\dotsspace@=\muskip10
\c@parentequation=\count99
\dspbrk@lvl=\count100
\tag@help=\toks20
\row@=\count101
\column@=\count102
\maxfields@=\count103
\andhelp@=\toks21
\eqnshift@=\dimen116
\alignsep@=\dimen117
\tagshift@=\dimen118
\tagwidth@=\dimen119
\totwidth@=\dimen120
\lineht@=\dimen121
\@envbody=\toks22
\multlinegap=\skip53
\multlinetaggap=\skip54
\mathdisplay@stack=\toks23
LaTeX Info: Redefining \[ on input line 2665.
LaTeX Info: Redefining \] on input line 2666.
) (./ITPD.aux)
\openout1 = `ITPD.aux'.

LaTeX Font Info:    Checking defaults for OML/cmm/m/it on input line 17.
LaTeX Font Info:    ... okay on input line 17.
LaTeX Font Info:    Checking defaults for T1/cmr/m/n on input line 17.
LaTeX Font Info:    ... okay on input line 17.
LaTeX Font Info:    Checking defaults for OT1/cmr/m/n on input line 17.
LaTeX Font Info:    ... okay on input line 17.
LaTeX Font Info:    Checking defaults for OMS/cmsy/m/n on input line 17.
LaTeX Font Info:    ... okay on input line 17.
LaTeX Font Info:    Checking defaults for OMX/cmex/m/n on input line 17.
LaTeX Font Info:    ... okay on input line 17.
LaTeX Font Info:    Checking defaults for U/cmr/m/n on input line 17.
LaTeX Font Info:    ... okay on input line 17.
*geometry* driver: auto-detecting
*geometry* detected driver: pdftex
*geometry* verbose mode - [ preamble ] result:
* driver: pdftex
* paper: a4paper
* layout: <same size as paper>
* layoutoffset:(h,v)=(0.0pt,0.0pt)
* modes: 
* h-part:(L,W,R)=(89.62709pt, 418.25368pt, 89.6271pt)
* v-part:(T,H,B)=(101.40665pt, 591.5302pt, 152.11pt)
* \paperwidth=597.50787pt
* \paperheight=845.04684pt
* \textwidth=418.25368pt
* \textheight=591.5302pt
* \oddsidemargin=17.3571pt
* \evensidemargin=17.3571pt
* \topmargin=-2.73714pt
* \headheight=12.0pt
* \headsep=19.8738pt
* \topskip=12.0pt
* \footskip=30.0pt
* \marginparwidth=47.0pt
* \marginparsep=7.0pt
* \columnsep=10.0pt
* \skip\footins=10.8pt plus 4.0pt minus 2.0pt
* \hoffset=0.0pt
* \voffset=0.0pt
* \mag=1000
* \@twocolumnfalse
* \@twosidefalse
* \@mparswitchfalse
* \@reversemarginfalse
* (1in=72.27pt=25.4mm, 1cm=28.453pt)

(/usr/local/texlive/2015/texmf-dist/tex/context/base/supp-pdf.mkii
[Loading MPS to PDF converter (version 2006.09.02).]
\scratchcounter=\count104
\scratchdimen=\dimen122
\scratchbox=\box28
\nofMPsegments=\count105
\nofMParguments=\count106
\everyMPshowfont=\toks24
\MPscratchCnt=\count107
\MPscratchDim=\dimen123
\MPnumerator=\count108
\makeMPintoPDFobject=\count109
\everyMPtoPDFconversion=\toks25
) (/usr/local/texlive/2015/texmf-dist/tex/generic/oberdiek/pdftexcmds.sty
Package: pdftexcmds 2011/11/29 v0.20 Utility functions of pdfTeX for LuaTeX (HO
)

(/usr/local/texlive/2015/texmf-dist/tex/generic/oberdiek/ifluatex.sty
Package: ifluatex 2010/03/01 v1.3 Provides the ifluatex switch (HO)
Package ifluatex Info: LuaTeX not detected.
)
Package pdftexcmds Info: LuaTeX not detected.
Package pdftexcmds Info: \pdf@primitive is available.
Package pdftexcmds Info: \pdf@ifprimitive is available.
Package pdftexcmds Info: \pdfdraftmode found.
)
(/usr/local/texlive/2015/texmf-dist/tex/latex/oberdiek/epstopdf-base.sty
Package: epstopdf-base 2010/02/09 v2.5 Base part for package epstopdf

(/usr/local/texlive/2015/texmf-dist/tex/latex/oberdiek/grfext.sty
Package: grfext 2010/08/19 v1.1 Manage graphics extensions (HO)

(/usr/local/texlive/2015/texmf-dist/tex/generic/oberdiek/kvdefinekeys.sty
Package: kvdefinekeys 2011/04/07 v1.3 Define keys (HO)
))
(/usr/local/texlive/2015/texmf-dist/tex/latex/oberdiek/kvoptions.sty
Package: kvoptions 2011/06/30 v3.11 Key value format for package options (HO)

(/usr/local/texlive/2015/texmf-dist/tex/generic/oberdiek/kvsetkeys.sty
Package: kvsetkeys 2012/04/25 v1.16 Key value parser (HO)

(/usr/local/texlive/2015/texmf-dist/tex/generic/oberdiek/etexcmds.sty
Package: etexcmds 2011/02/16 v1.5 Avoid name clashes with e-TeX commands (HO)
Package etexcmds Info: Could not find \expanded.
(etexcmds)             That can mean that you are not using pdfTeX 1.50 or
(etexcmds)             that some package has redefined \expanded.
(etexcmds)             In the latter case, load this package earlier.
)))
Package grfext Info: Graphics extension search list:
(grfext)             [.png,.pdf,.jpg,.mps,.jpeg,.jbig2,.jb2,.PNG,.PDF,.JPG,.JPE
G,.JBIG2,.JB2,.eps]
(grfext)             \AppendGraphicsExtensions on input line 452.

(/usr/local/texlive/2015/texmf-dist/tex/latex/latexconfig/epstopdf-sys.cfg
File: epstopdf-sys.cfg 2010/07/13 v1.3 Configuration of (r)epstopdf for TeX Liv
e
))
Overfull \hbox (6.84604pt too wide) in paragraph at lines 19--23
[]  \OT1/cmr/m/n/12 Re-lease date 26-02-2015 
 []


Underfull \hbox (badness 10000) in paragraph at lines 19--23

 []


Underfull \hbox (badness 10000) in paragraph at lines 19--23

 []

[1

{/usr/local/texlive/2015/texmf-var/fonts/map/pdftex/updmap/pdftex.map}]
(./ITPD.toc
LaTeX Font Info:    Try loading font information for U+msa on input line 2.
 (/usr/local/texlive/2015/texmf-dist/tex/latex/amsfonts/umsa.fd
File: umsa.fd 2013/01/14 v3.01 AMS symbols A
)
LaTeX Font Info:    Try loading font information for U+msb on input line 2.

(/usr/local/texlive/2015/texmf-dist/tex/latex/amsfonts/umsb.fd
File: umsb.fd 2013/01/14 v3.01 AMS symbols B
) [2


])
\tf@toc=\write3
\openout3 = `ITPD.toc'.

 [1]
Chapter 1.
LaTeX Font Info:    Try loading font information for OMS+cmr on input line 47.
(/usr/local/texlive/2015/texmf-dist/tex/latex/base/omscmr.fd
File: omscmr.fd 2014/09/29 v2.5h Standard LaTeX font definitions
)
LaTeX Font Info:    Font shape `OMS/cmr/m/n' in size <12> not available
(Font)              Font shape `OMS/cmsy/m/n' tried instead on input line 47.
 [2


]
Overfull \hbox (42.32082pt too wide) in paragraph at lines 59--76
[] 
 []

[3]
Chapter 2.

Overfull \hbox (6.8623pt too wide) in paragraph at lines 94--131
[] 
 []

<Component.jpg, id=23, 603.25375pt x 296.10625pt>
File: Component.jpg Graphic file (type jpg)
 <use Component.jpg>
Package pdftex.def Info: Component.jpg used on input line 138.
(pdftex.def)             Requested size: 422.27475pt x 207.27295pt.

Overfull \hbox (4.02107pt too wide) in paragraph at lines 138--139
 [][] 
 []

<AdminManager.jpg, id=24, 443.6575pt x 119.44624pt>
File: AdminManager.jpg Graphic file (type jpg)
 <use AdminManager.jpg>
Package pdftex.def Info: AdminManager.jpg used on input line 146.
(pdftex.def)             Requested size: 332.7423pt x 89.58444pt.

<RegisteredManager.jpg, id=25, 432.61626pt x 91.34125pt>
File: RegisteredManager.jpg Graphic file (type jpg)

<use RegisteredManager.jpg>
Package pdftex.def Info: RegisteredManager.jpg used on input line 159.
(pdftex.def)             Requested size: 324.4614pt x 68.50575pt.

<UnregisteredUserManager.jpg, id=26, 437.635pt x 104.39pt>
File: UnregisteredUserManager.jpg Graphic file (type jpg)

<use UnregisteredUserManager.jpg>
Package pdftex.def Info: UnregisteredUserManager.jpg used on input line 169.
(pdftex.def)             Requested size: 328.22543pt x 78.29228pt.

<Scheduler.jpg, id=27, 603.25375pt x 278.03876pt>
File: Scheduler.jpg Graphic file (type jpg)
 <use Scheduler.jpg>
Package pdftex.def Info: Scheduler.jpg used on input line 179.
(pdftex.def)             Requested size: 452.4392pt x 208.52855pt.

Overfull \hbox (34.18552pt too wide) in paragraph at lines 179--180
 [][] 
 []


Underfull \hbox (badness 10000) in paragraph at lines 132--183

 []


Underfull \hbox (badness 10000) in paragraph at lines 132--183

 []


Underfull \hbox (badness 10000) in paragraph at lines 132--183

 []


Underfull \hbox (badness 10000) in paragraph at lines 132--183

 []


Underfull \hbox (badness 10000) in paragraph at lines 132--183

 []


Underfull \hbox (badness 10000) in paragraph at lines 132--183

 []


Underfull \hbox (badness 10000) in paragraph at lines 132--183

 []


Underfull \hbox (badness 10000) in paragraph at lines 132--183

 []


Underfull \hbox (badness 10000) in paragraph at lines 132--183

 []


Underfull \hbox (badness 10000) in paragraph at lines 132--183

 []


Underfull \hbox (badness 10000) in paragraph at lines 132--183

 []


Underfull \hbox (badness 10000) in paragraph at lines 132--183

 []


Underfull \hbox (badness 10000) in paragraph at lines 132--183

 []


Underfull \hbox (badness 10000) in paragraph at lines 132--183

 []

[4

] [5 <./Component.jpg> <./AdminManager.jpg>] [6 <./RegisteredManager.jpg> <./Un
registeredUserManager.jpg> <./Scheduler.jpg>] [7

]
Chapter 3.

Underfull \hbox (badness 10000) in paragraph at lines 190--204

 []


Underfull \hbox (badness 10000) in paragraph at lines 190--204

 []


Underfull \hbox (badness 10000) in paragraph at lines 205--219

 []


Underfull \hbox (badness 10000) in paragraph at lines 205--219

 []


Overfull \hbox (14.76433pt too wide) in paragraph at lines 220--233
[] 
 []


Underfull \hbox (badness 10000) in paragraph at lines 220--233

 []


Underfull \hbox (badness 10000) in paragraph at lines 220--233

 []

[8

]
Underfull \hbox (badness 10000) in paragraph at lines 234--248

 []


Underfull \hbox (badness 10000) in paragraph at lines 234--248

 []


Underfull \hbox (badness 10000) in paragraph at lines 249--262

 []


Underfull \hbox (badness 10000) in paragraph at lines 249--262

 []


Underfull \hbox (badness 10000) in paragraph at lines 263--276

 []


Underfull \hbox (badness 10000) in paragraph at lines 263--276

 []


Underfull \hbox (badness 10000) in paragraph at lines 277--290

 []


Underfull \hbox (badness 10000) in paragraph at lines 277--290

 []

[9] [10]
Underfull \hbox (badness 10000) in paragraph at lines 305--318

 []


Underfull \hbox (badness 10000) in paragraph at lines 305--318

 []


Underfull \hbox (badness 10000) in paragraph at lines 319--332

 []


Underfull \hbox (badness 10000) in paragraph at lines 319--332

 []


Underfull \hbox (badness 10000) in paragraph at lines 333--346

 []


Underfull \hbox (badness 10000) in paragraph at lines 333--346

 []


Underfull \hbox (badness 10000) in paragraph at lines 347--360

 []


Underfull \hbox (badness 10000) in paragraph at lines 347--360

 []


Underfull \hbox (badness 10000) in paragraph at lines 361--374

 []


Underfull \hbox (badness 10000) in paragraph at lines 361--374

 []

[11

]
Overfull \hbox (11.73103pt too wide) in paragraph at lines 375--388
[] 
 []


Underfull \hbox (badness 10000) in paragraph at lines 375--388

 []


Underfull \hbox (badness 10000) in paragraph at lines 375--388

 []


Underfull \hbox (badness 10000) in paragraph at lines 389--402

 []


Underfull \hbox (badness 10000) in paragraph at lines 389--402

 []


Overfull \hbox (24.78645pt too wide) in paragraph at lines 403--416
[] 
 []


Underfull \hbox (badness 10000) in paragraph at lines 403--416

 []


Underfull \hbox (badness 10000) in paragraph at lines 403--416

 []

[12]
Chapter 4.

Underfull \hbox (badness 10000) in paragraph at lines 417--430

 []


Underfull \hbox (badness 10000) in paragraph at lines 417--430

 []


Underfull \hbox (badness 10000) in paragraph at lines 417--430

 []


Underfull \hbox (badness 10000) in paragraph at lines 417--430

 []

[13

] [14]
Chapter 5.
<modules.png, id=63, 410.53375pt x 345.29pt>
File: modules.png Graphic file (type png)
 <use modules.png>
Package pdftex.def Info: modules.png used on input line 439.
(pdftex.def)             Requested size: 307.89955pt x 258.96684pt.
 [15

 <./modules.png>]
Chapter 6.

Underfull \hbox (badness 10000) in paragraph at lines 443--447

 []

[16

] (./ITPD.aux) ) 
Here is how much of TeX's memory you used:
 3135 strings out of 493089
 42424 string characters out of 6134842
 113424 words of memory out of 5000000
 6558 multiletter control sequences out of 15000+600000
 10756 words of font info for 40 fonts, out of 8000000 for 9000
 1141 hyphenation exceptions out of 8191
 38i,8n,43p,1011b,233s stack positions out of 5000i,500n,10000p,200000b,80000s
</usr/local/texlive/2015/texmf-dist/fonts/type1/public/amsfonts
/cm/cmbx12.pfb></usr/local/texlive/2015/texmf-dist/fonts/type1/public/amsfonts/
cm/cmr12.pfb></usr/local/texlive/2015/texmf-dist/fonts/type1/public/amsfonts/cm
/cmr17.pfb></usr/local/texlive/2015/texmf-dist/fonts/type1/public/amsfonts/cm/c
msy10.pfb></usr/local/texlive/2015/texmf-dist/fonts/type1/public/amsfonts/cm/cm
ti12.pfb></usr/local/texlive/2015/texmf-dist/fonts/type1/public/amsfonts/symbol
s/msbm10.pfb>
Output written on ITPD.pdf (18 pages, 137283 bytes).
PDF statistics:
 94 PDF objects out of 1000 (max. 8388607)
 60 compressed objects within 1 object stream
 0 named destinations out of 1000 (max. 500000)
 31 words of extra memory for PDF output out of 10000 (max. 10000000)

