This is pdfTeX, Version 3.14159265-2.6-1.40.16 (TeX Live 2015) (preloaded format=pdflatex 2016.1.20)  25 FEB 2016 17:36
entering extended mode
 restricted \write18 enabled.
 file:line:error style messages enabled.
 %&-line parsing enabled.
**"Project Plan.tex"
(./Project Plan.tex
LaTeX2e <2015/01/01>
Babel <3.9l> and hyphenation patterns for 79 languages loaded.
(/usr/local/texlive/2015/texmf-dist/tex/latex/base/book.cls
Document Class: book 2014/09/29 v1.4h Standard LaTeX document class
(/usr/local/texlive/2015/texmf-dist/tex/latex/base/bk12.clo
File: bk12.clo 2014/09/29 v1.4h Standard LaTeX file (size option)
)
\c@part=\count79
\c@chapter=\count80
\c@section=\count81
\c@subsection=\count82
\c@subsubsection=\count83
\c@paragraph=\count84
\c@subparagraph=\count85
\c@figure=\count86
\c@table=\count87
\abovecaptionskip=\skip41
\belowcaptionskip=\skip42
\bibindent=\dimen102
)
(/usr/local/texlive/2015/texmf-dist/tex/latex/geometry/geometry.sty
Package: geometry 2010/09/12 v5.6 Page Geometry

(/usr/local/texlive/2015/texmf-dist/tex/latex/graphics/keyval.sty
Package: keyval 2014/10/28 v1.15 key=value parser (DPC)
\KV@toks@=\toks14
)
(/usr/local/texlive/2015/texmf-dist/tex/generic/oberdiek/ifpdf.sty
Package: ifpdf 2011/01/30 v2.3 Provides the ifpdf switch (HO)
Package ifpdf Info: pdfTeX in PDF mode is detected.
)
(/usr/local/texlive/2015/texmf-dist/tex/generic/oberdiek/ifvtex.sty
Package: ifvtex 2010/03/01 v1.5 Detect VTeX and its facilities (HO)
Package ifvtex Info: VTeX not detected.
)
(/usr/local/texlive/2015/texmf-dist/tex/generic/ifxetex/ifxetex.sty
Package: ifxetex 2010/09/12 v0.6 Provides ifxetex conditional
)
\Gm@cnth=\count88
\Gm@cntv=\count89
\c@Gm@tempcnt=\count90
\Gm@bindingoffset=\dimen103
\Gm@wd@mp=\dimen104
\Gm@odd@mp=\dimen105
\Gm@even@mp=\dimen106
\Gm@layoutwidth=\dimen107
\Gm@layoutheight=\dimen108
\Gm@layouthoffset=\dimen109
\Gm@layoutvoffset=\dimen110
\Gm@dimlist=\toks15
)
(/usr/local/texlive/2015/texmf-dist/tex/latex/multirow/multirow.sty
\bigstrutjot=\dimen111
)
(/usr/local/texlive/2015/texmf-dist/tex/latex/graphics/graphicx.sty
Package: graphicx 2014/10/28 v1.0g Enhanced LaTeX Graphics (DPC,SPQR)

(/usr/local/texlive/2015/texmf-dist/tex/latex/graphics/graphics.sty
Package: graphics 2014/10/28 v1.0p Standard LaTeX Graphics (DPC,SPQR)

(/usr/local/texlive/2015/texmf-dist/tex/latex/graphics/trig.sty
Package: trig 1999/03/16 v1.09 sin cos tan (DPC)
)
(/usr/local/texlive/2015/texmf-dist/tex/latex/latexconfig/graphics.cfg
File: graphics.cfg 2010/04/23 v1.9 graphics configuration of TeX Live
)
Package graphics Info: Driver file: pdftex.def on input line 94.

(/usr/local/texlive/2015/texmf-dist/tex/latex/pdftex-def/pdftex.def
File: pdftex.def 2011/05/27 v0.06d Graphics/color for pdfTeX

(/usr/local/texlive/2015/texmf-dist/tex/generic/oberdiek/infwarerr.sty
Package: infwarerr 2010/04/08 v1.3 Providing info/warning/error messages (HO)
)
(/usr/local/texlive/2015/texmf-dist/tex/generic/oberdiek/ltxcmds.sty
Package: ltxcmds 2011/11/09 v1.22 LaTeX kernel commands for general use (HO)
)
\Gread@gobject=\count91
))
\Gin@req@height=\dimen112
\Gin@req@width=\dimen113
)
(/usr/local/texlive/2015/texmf-dist/tex/latex/amsfonts/amssymb.sty
Package: amssymb 2013/01/14 v3.01 AMS font symbols

(/usr/local/texlive/2015/texmf-dist/tex/latex/amsfonts/amsfonts.sty
Package: amsfonts 2013/01/14 v3.01 Basic AMSFonts support
\@emptytoks=\toks16
\symAMSa=\mathgroup4
\symAMSb=\mathgroup5
LaTeX Font Info:    Overwriting math alphabet `\mathfrak' in version `bold'
(Font)                  U/euf/m/n --> U/euf/b/n on input line 106.
))
(/usr/local/texlive/2015/texmf-dist/tex/latex/fancyhdr/fancyhdr.sty
\fancy@headwidth=\skip43
\f@ncyO@elh=\skip44
\f@ncyO@erh=\skip45
\f@ncyO@olh=\skip46
\f@ncyO@orh=\skip47
\f@ncyO@elf=\skip48
\f@ncyO@erf=\skip49
\f@ncyO@olf=\skip50
\f@ncyO@orf=\skip51
)
(/usr/local/texlive/2015/texmf-dist/tex/latex/graphics/color.sty
Package: color 2014/10/28 v1.1a Standard LaTeX Color (DPC)

(/usr/local/texlive/2015/texmf-dist/tex/latex/latexconfig/color.cfg
File: color.cfg 2007/01/18 v1.5 color configuration of teTeX/TeXLive
)
Package color Info: Driver file: pdftex.def on input line 142.
)
(/usr/local/texlive/2015/texmf-dist/tex/latex/base/inputenc.sty
Package: inputenc 2015/03/17 v1.2c Input encoding file
\inpenc@prehook=\toks17
\inpenc@posthook=\toks18

(/usr/local/texlive/2015/texmf-dist/tex/latex/base/latin1.def
File: latin1.def 2015/03/17 v1.2c Input encoding file
))
(/usr/local/texlive/2015/texmf-dist/tex/latex/amsmath/amsmath.sty
Package: amsmath 2013/01/14 v2.14 AMS math features
\@mathmargin=\skip52

For additional information on amsmath, use the `?' option.
(/usr/local/texlive/2015/texmf-dist/tex/latex/amsmath/amstext.sty
Package: amstext 2000/06/29 v2.01

(/usr/local/texlive/2015/texmf-dist/tex/latex/amsmath/amsgen.sty
File: amsgen.sty 1999/11/30 v2.0
\@emptytoks=\toks19
\ex@=\dimen114
))
(/usr/local/texlive/2015/texmf-dist/tex/latex/amsmath/amsbsy.sty
Package: amsbsy 1999/11/29 v1.2d
\pmbraise@=\dimen115
)
(/usr/local/texlive/2015/texmf-dist/tex/latex/amsmath/amsopn.sty
Package: amsopn 1999/12/14 v2.01 operator names
)
\inf@bad=\count92
LaTeX Info: Redefining \frac on input line 210.
\uproot@=\count93
\leftroot@=\count94
LaTeX Info: Redefining \overline on input line 306.
\classnum@=\count95
\DOTSCASE@=\count96
LaTeX Info: Redefining \ldots on input line 378.
LaTeX Info: Redefining \dots on input line 381.
LaTeX Info: Redefining \cdots on input line 466.
\Mathstrutbox@=\box26
\strutbox@=\box27
\big@size=\dimen116
LaTeX Font Info:    Redeclaring font encoding OML on input line 566.
LaTeX Font Info:    Redeclaring font encoding OMS on input line 567.
\macc@depth=\count97
\c@MaxMatrixCols=\count98
\dotsspace@=\muskip10
\c@parentequation=\count99
\dspbrk@lvl=\count100
\tag@help=\toks20
\row@=\count101
\column@=\count102
\maxfields@=\count103
\andhelp@=\toks21
\eqnshift@=\dimen117
\alignsep@=\dimen118
\tagshift@=\dimen119
\tagwidth@=\dimen120
\totwidth@=\dimen121
\lineht@=\dimen122
\@envbody=\toks22
\multlinegap=\skip53
\multlinetaggap=\skip54
\mathdisplay@stack=\toks23
LaTeX Info: Redefining \[ on input line 2665.
LaTeX Info: Redefining \] on input line 2666.
)
(/usr/local/texlive/2015/texmf-dist/tex/latex/base/fontenc.sty
Package: fontenc 2005/09/27 v1.99g Standard LaTeX package

(/usr/local/texlive/2015/texmf-dist/tex/latex/base/t1enc.def
File: t1enc.def 2005/09/27 v1.99g Standard LaTeX file
LaTeX Font Info:    Redeclaring font encoding T1 on input line 48.
))
(/usr/local/texlive/2015/texmf-dist/tex/latex/tools/tabularx.sty
Package: tabularx 2014/10/28 v2.10 `tabularx' package (DPC)

(/usr/local/texlive/2015/texmf-dist/tex/latex/tools/array.sty
Package: array 2014/10/28 v2.4c Tabular extension package (FMi)
\col@sep=\dimen123
\extrarowheight=\dimen124
\NC@list=\toks24
\extratabsurround=\skip55
\backup@length=\skip56
)
\TX@col@width=\dimen125
\TX@old@table=\dimen126
\TX@old@col=\dimen127
\TX@target=\dimen128
\TX@delta=\dimen129
\TX@cols=\count104
\TX@ftn=\toks25
)
(./Project Plan.aux)
\openout1 = `"Project Plan.aux"'.

LaTeX Font Info:    Checking defaults for OML/cmm/m/it on input line 21.
LaTeX Font Info:    ... okay on input line 21.
LaTeX Font Info:    Checking defaults for T1/cmr/m/n on input line 21.
LaTeX Font Info:    ... okay on input line 21.
LaTeX Font Info:    Checking defaults for OT1/cmr/m/n on input line 21.
LaTeX Font Info:    ... okay on input line 21.
LaTeX Font Info:    Checking defaults for OMS/cmsy/m/n on input line 21.
LaTeX Font Info:    ... okay on input line 21.
LaTeX Font Info:    Checking defaults for OMX/cmex/m/n on input line 21.
LaTeX Font Info:    ... okay on input line 21.
LaTeX Font Info:    Checking defaults for U/cmr/m/n on input line 21.
LaTeX Font Info:    ... okay on input line 21.

*geometry* driver: auto-detecting
*geometry* detected driver: pdftex
*geometry* verbose mode - [ preamble ] result:
* driver: pdftex
* paper: a4paper
* layout: <same size as paper>
* layoutoffset:(h,v)=(0.0pt,0.0pt)
* modes: 
* h-part:(L,W,R)=(89.62709pt, 418.25368pt, 89.6271pt)
* v-part:(T,H,B)=(101.40665pt, 591.5302pt, 152.11pt)
* \paperwidth=597.50787pt
* \paperheight=845.04684pt
* \textwidth=418.25368pt
* \textheight=591.5302pt
* \oddsidemargin=17.3571pt
* \evensidemargin=17.3571pt
* \topmargin=-2.73714pt
* \headheight=12.0pt
* \headsep=19.8738pt
* \topskip=12.0pt
* \footskip=30.0pt
* \marginparwidth=47.0pt
* \marginparsep=7.0pt
* \columnsep=10.0pt
* \skip\footins=10.8pt plus 4.0pt minus 2.0pt
* \hoffset=0.0pt
* \voffset=0.0pt
* \mag=1000
* \@twocolumnfalse
* \@twosidefalse
* \@mparswitchfalse
* \@reversemarginfalse
* (1in=72.27pt=25.4mm, 1cm=28.453pt)

(/usr/local/texlive/2015/texmf-dist/tex/context/base/supp-pdf.mkii
[Loading MPS to PDF converter (version 2006.09.02).]
\scratchcounter=\count105
\scratchdimen=\dimen130
\scratchbox=\box28
\nofMPsegments=\count106
\nofMParguments=\count107
\everyMPshowfont=\toks26
\MPscratchCnt=\count108
\MPscratchDim=\dimen131
\MPnumerator=\count109
\makeMPintoPDFobject=\count110
\everyMPtoPDFconversion=\toks27
) (/usr/local/texlive/2015/texmf-dist/tex/generic/oberdiek/pdftexcmds.sty
Package: pdftexcmds 2011/11/29 v0.20 Utility functions of pdfTeX for LuaTeX (HO
)

(/usr/local/texlive/2015/texmf-dist/tex/generic/oberdiek/ifluatex.sty
Package: ifluatex 2010/03/01 v1.3 Provides the ifluatex switch (HO)
Package ifluatex Info: LuaTeX not detected.
)
Package pdftexcmds Info: LuaTeX not detected.
Package pdftexcmds Info: \pdf@primitive is available.
Package pdftexcmds Info: \pdf@ifprimitive is available.
Package pdftexcmds Info: \pdfdraftmode found.
)
(/usr/local/texlive/2015/texmf-dist/tex/latex/oberdiek/epstopdf-base.sty
Package: epstopdf-base 2010/02/09 v2.5 Base part for package epstopdf

(/usr/local/texlive/2015/texmf-dist/tex/latex/oberdiek/grfext.sty
Package: grfext 2010/08/19 v1.1 Manage graphics extensions (HO)

(/usr/local/texlive/2015/texmf-dist/tex/generic/oberdiek/kvdefinekeys.sty
Package: kvdefinekeys 2011/04/07 v1.3 Define keys (HO)
))
(/usr/local/texlive/2015/texmf-dist/tex/latex/oberdiek/kvoptions.sty
Package: kvoptions 2011/06/30 v3.11 Key value format for package options (HO)

(/usr/local/texlive/2015/texmf-dist/tex/generic/oberdiek/kvsetkeys.sty
Package: kvsetkeys 2012/04/25 v1.16 Key value parser (HO)

(/usr/local/texlive/2015/texmf-dist/tex/generic/oberdiek/etexcmds.sty
Package: etexcmds 2011/02/16 v1.5 Avoid name clashes with e-TeX commands (HO)
Package etexcmds Info: Could not find \expanded.
(etexcmds)             That can mean that you are not using pdfTeX 1.50 or
(etexcmds)             that some package has redefined \expanded.
(etexcmds)             In the latter case, load this package earlier.
)))
Package grfext Info: Graphics extension search list:
(grfext)             [.png,.pdf,.jpg,.mps,.jpeg,.jbig2,.jb2,.PNG,.PDF,.JPG,.JPE
G,.JBIG2,.JB2,.eps]
(grfext)             \AppendGraphicsExtensions on input line 452.

(/usr/local/texlive/2015/texmf-dist/tex/latex/latexconfig/epstopdf-sys.cfg
File: epstopdf-sys.cfg 2010/07/13 v1.3 Configuration of (r)epstopdf for TeX Liv
e
))
Overfull \hbox (6.81735pt too wide) in paragraph at lines 23--27
[]  \T1/cmr/m/n/12 Re-lease date 26-02-2016 
 []


Underfull \hbox (badness 10000) in paragraph at lines 23--27

 []


Underfull \hbox (badness 10000) in paragraph at lines 23--27

 []

[1

{/usr/local/texlive/2015/texmf-var/fonts/map/pdftex/updmap/pdftex.map}]
(./Project Plan.toc
LaTeX Font Info:    Try loading font information for U+msa on input line 2.

(/usr/local/texlive/2015/texmf-dist/tex/latex/amsfonts/umsa.fd
File: umsa.fd 2013/01/14 v3.01 AMS symbols A
)
LaTeX Font Info:    Try loading font information for U+msb on input line 2.

(/usr/local/texlive/2015/texmf-dist/tex/latex/amsfonts/umsb.fd
File: umsb.fd 2013/01/14 v3.01 AMS symbols B
))
\tf@toc=\write3
\openout3 = `"Project Plan.toc"'.

 [1


]
Chapter 1.
LaTeX Font Info:    Try loading font information for OMS+cmr on input line 51.
(/usr/local/texlive/2015/texmf-dist/tex/latex/base/omscmr.fd
File: omscmr.fd 2014/09/29 v2.5h Standard LaTeX font definitions
)
LaTeX Font Info:    Font shape `OMS/cmr/m/n' in size <12> not available
(Font)              Font shape `OMS/cmsy/m/n' tried instead on input line 51.
 [2


] [3]
Chapter 2.
<fp.png, id=23, 228.3732pt x 149.8398pt>
File: fp.png Graphic file (type png)
 <use fp.png>
Package pdftex.def Info: fp.png used on input line 85.
(pdftex.def)             Requested size: 205.53397pt x 134.85455pt.
 [4

 <./fp.png>]
<ei.png, id=29, 168.63pt x 81.906pt>
File: ei.png Graphic file (type png)
 <use ei.png>
Package pdftex.def Info: ei.png used on input line 99.
(pdftex.def)             Requested size: 151.76558pt x 73.7147pt.

<eo.png, id=30, 224.5188pt x 129.6042pt>
File: eo.png Graphic file (type png)
 <use eo.png>
Package pdftex.def Info: eo.png used on input line 105.
(pdftex.def)             Requested size: 157.16206pt x 90.7223pt.

<eq.png, id=31, 221.82875pt x 135.50626pt>
File: eq.png Graphic file (type png)
 <use eq.png>
Package pdftex.def Info: eq.png used on input line 111.
(pdftex.def)             Requested size: 199.64401pt x 121.95448pt.

Underfull \hbox (badness 10000) in paragraph at lines 94--113

 []


Underfull \hbox (badness 10000) in paragraph at lines 94--113

 []


Underfull \hbox (badness 10000) in paragraph at lines 94--113

 []

[5 <./ei.png> <./eo.png>] [6 <./eq.png>] [7]
Chapter 3.

Underfull \hbox (badness 10000) in paragraph at lines 177--177
[]|\T1/cmr/m/n/12 Scale
 []


Overfull \hbox (0.6818pt too wide) in paragraph at lines 177--178
[]|[]| 
 []


Underfull \hbox (badness 10000) in paragraph at lines 179--179

 []


Underfull \hbox (badness 10000) in paragraph at lines 179--179
[]|\T1/cmr/m/n/8 thorouhly
 []


Underfull \hbox (badness 10000) in paragraph at lines 179--179
\T1/cmr/m/n/8 un-prece-dented
 []


Underfull \hbox (badness 10000) in paragraph at lines 179--179
[]|\T1/cmr/m/n/8 largely un-
 []


Underfull \hbox (badness 10000) in paragraph at lines 179--179
\T1/cmr/m/n/8 prece-dented
 []


Underfull \hbox (badness 10000) in paragraph at lines 179--179
[]|\T1/cmr/m/n/8 somewhat
 []


Underfull \hbox (badness 10000) in paragraph at lines 179--179
\T1/cmr/m/n/8 un-prece-dented
 []


Underfull \hbox (badness 10000) in paragraph at lines 179--179
[]|\T1/cmr/m/n/8 generally
 []


Underfull \hbox (badness 10000) in paragraph at lines 179--179
\T1/cmr/m/n/8 fa-mil-iar
 []


Underfull \hbox (badness 10000) in paragraph at lines 179--179

 []


Underfull \hbox (badness 2285) in paragraph at lines 179--180
[]|\T1/cmr/m/n/8 thoroughly fa-
 []


Underfull \hbox (badness 10000) in paragraph at lines 181--181

 []


Underfull \hbox (badness 10000) in paragraph at lines 181--181

 []


Underfull \hbox (badness 10000) in paragraph at lines 181--181
[]|\T1/cmr/m/n/8 occasional
 []


Underfull \hbox (badness 10000) in paragraph at lines 181--181
\T1/cmr/m/n/8 re-lax-ation
 []


Underfull \hbox (badness 10000) in paragraph at lines 181--181
[]|\T1/cmr/m/n/8 some re-
 []


Underfull \hbox (badness 10000) in paragraph at lines 181--181
\T1/cmr/m/n/8 lax-ation
 []


Underfull \hbox (badness 10000) in paragraph at lines 181--181
[]|\T1/cmr/m/n/8 general
 []


Underfull \hbox (badness 10000) in paragraph at lines 181--181
\T1/cmr/m/n/8 con-for-mity
 []


Underfull \hbox (badness 10000) in paragraph at lines 181--181
[]|\T1/cmr/m/n/8 some con-for-
 []


Underfull \hbox (badness 10000) in paragraph at lines 181--182

 []


Underfull \hbox (badness 10000) in paragraph at lines 183--183

 []


Underfull \hbox (badness 10000) in paragraph at lines 183--183

 []


Underfull \hbox (badness 10000) in paragraph at lines 183--183

 []


Underfull \hbox (badness 10000) in paragraph at lines 183--183

 []


Underfull \hbox (badness 10000) in paragraph at lines 183--183
[]|\T1/cmr/m/n/8 generally
 []


Underfull \hbox (badness 10000) in paragraph at lines 183--183
\T1/cmr/m/n/8 {75%}
 []


Underfull \hbox (badness 10000) in paragraph at lines 183--183

 []


Underfull \hbox (badness 10000) in paragraph at lines 183--184

 []


Underfull \hbox (badness 10000) in paragraph at lines 185--185

 []


Underfull \hbox (badness 10000) in paragraph at lines 185--185

 []


Underfull \hbox (badness 10000) in paragraph at lines 185--185
[]|\T1/cmr/m/n/8 very dif-fi-cult
 []


Underfull \hbox (badness 10000) in paragraph at lines 185--185

 []


Underfull \hbox (badness 10000) in paragraph at lines 185--185
[]|\T1/cmr/m/n/8 some dif-fi-cult
 []


Underfull \hbox (badness 10000) in paragraph at lines 185--185

 []


Underfull \hbox (badness 10000) in paragraph at lines 185--185
[]|\T1/cmr/m/n/8 largely
 []


Underfull \hbox (badness 10000) in paragraph at lines 185--185

 []


Underfull \hbox (badness 1910) in paragraph at lines 185--185
[]|\T1/cmr/m/n/8 highly co-op-er-
 []


Underfull \hbox (badness 10000) in paragraph at lines 185--185

 []


Underfull \hbox (badness 10000) in paragraph at lines 185--186
[]|\T1/cmr/m/n/8 seamless
 []


Underfull \hbox (badness 10000) in paragraph at lines 185--186

 []


Underfull \hbox (badness 10000) in paragraph at lines 187--187

 []


Underfull \hbox (badness 10000) in paragraph at lines 187--187
[]|\T1/cmr/m/n/8 SW-CMM
 []


Underfull \hbox (badness 10000) in paragraph at lines 187--187
[]|\T1/cmr/m/n/8 SW-CMM
 []


Underfull \hbox (badness 10000) in paragraph at lines 187--187
[]|\T1/cmr/m/n/8 SW-CMM
 []


Underfull \hbox (badness 10000) in paragraph at lines 187--187
[]|\T1/cmr/m/n/8 SW-CMM
 []


Underfull \hbox (badness 10000) in paragraph at lines 187--187
\T1/cmr/m/n/8 Level 3
 []


Underfull \hbox (badness 10000) in paragraph at lines 187--187
[]|\T1/cmr/m/n/8 SW-CMM
 []


Underfull \hbox (badness 10000) in paragraph at lines 187--188
[]|\T1/cmr/m/n/8 SW-CMM
 []


Overfull \hbox (38.83203pt too wide) in paragraph at lines 175--190
 [][] 
 []


Underfull \hbox (badness 10000) in paragraph at lines 171--191

 []

[8

]
Underfull \hbox (badness 10000) in paragraph at lines 196--201

 []


Underfull \hbox (badness 10000) in paragraph at lines 196--201

 []

<rely.png, id=50, 579.16376pt x 132.495pt>
File: rely.png Graphic file (type png)
 <use rely.png>
Package pdftex.def Info: rely.png used on input line 223.
(pdftex.def)             Requested size: 405.41187pt x 92.74585pt.
 [9]
<data.png, id=54, 561.09625pt x 119.44624pt>
File: data.png Graphic file (type png)
 <use data.png>
Package pdftex.def Info: data.png used on input line 228.
(pdftex.def)             Requested size: 392.7647pt x 83.61179pt.

<cplex.png, id=55, 554.07pt x 70.2625pt>
File: cplex.png Graphic file (type png)
 <use cplex.png>
Package pdftex.def Info: cplex.png used on input line 233.
(pdftex.def)             Requested size: 387.84636pt x 49.1834pt.
 [10 <./rely.png> <./data.png> <./cplex.png>] <docu.png, id=62, 556.0775pt x 10
9.40875pt>
File: docu.png Graphic file (type png)

<use docu.png>
Package pdftex.def Info: docu.png used on input line 239.
(pdftex.def)             Requested size: 389.25159pt x 76.58559pt.
 <time.png, id=63, 568.1225pt x 100.375pt>
File: time.png Graphic file (type png)
 <use time.png>
Package pdftex.def Info: time.png used on input line 244.
(pdftex.def)             Requested size: 397.68303pt x 70.26201pt.

<stor.png, id=64, 557.08125pt x 94.3525pt>
File: stor.png Graphic file (type png)
 <use stor.png>
Package pdftex.def Info: stor.png used on input line 249.
(pdftex.def)             Requested size: 389.95422pt x 66.04628pt.
 [11

 <./docu.png> <./time.png> <./stor.png>] <pvol.png, id=71, 563.10374pt x 126.47
25pt>
File: pvol.png Graphic file (type png)

<use pvol.png>
Package pdftex.def Info: pvol.png used on input line 255.
(pdftex.def)             Requested size: 394.16994pt x 88.53014pt.
 <acap.png, id=72, 575.14874pt x 85.31876pt>
File: acap.png Graphic file (type png)
 <use acap.png>
Package pdftex.def Info: acap.png used on input line 260.
(pdftex.def)             Requested size: 402.60138pt x 59.7227pt.

<pcap.png, id=73, 589.20125pt x 97.36375pt>
File: pcap.png Graphic file (type png)
 <use pcap.png>
Package pdftex.def Info: pcap.png used on input line 265.
(pdftex.def)             Requested size: 412.43805pt x 68.15414pt.
 [12

 <./pvol.png> <./acap.png> <./pcap.png>] <apex.png, id=81, 599.23875pt x 92.345
pt>
File: apex.png Graphic file (type png)

<use apex.png>
Package pdftex.def Info: apex.png used on input line 271.
(pdftex.def)             Requested size: 419.46426pt x 64.64104pt.

Overfull \hbox (1.21059pt too wide) in paragraph at lines 271--272
 [][] 
 []

<plex.png, id=82, 551.05875pt x 89.33376pt>
File: plex.png Graphic file (type png)
 <use plex.png>
Package pdftex.def Info: plex.png used on input line 276.
(pdftex.def)             Requested size: 385.73848pt x 62.53319pt.

<ltex.png, id=83, 617.30624pt x 98.3675pt>
File: ltex.png Graphic file (type png)
 <use ltex.png>
Package pdftex.def Info: ltex.png used on input line 281.
(pdftex.def)             Requested size: 432.11142pt x 68.85675pt.

Overfull \hbox (13.85774pt too wide) in paragraph at lines 281--282
 [][] 
 []

[13

 <./apex.png> <./plex.png> <./ltex.png>]
<pcon.png, id=90, 574.145pt x 76.285pt>
File: pcon.png Graphic file (type png)
 <use pcon.png>
Package pdftex.def Info: pcon.png used on input line 287.
(pdftex.def)             Requested size: 401.89876pt x 53.39912pt.

<site.png, id=91, 531.9875pt x 162.6075pt>
File: site.png Graphic file (type png)
 <use site.png>
Package pdftex.def Info: site.png used on input line 292.
(pdftex.def)             Requested size: 372.38872pt x 113.82446pt.

<sced.png, id=92, 538.01pt x 89.33376pt>
File: sced.png Graphic file (type png)
 <use sced.png>
Package pdftex.def Info: sced.png used on input line 297.
(pdftex.def)             Requested size: 376.60443pt x 62.53319pt.
 [14

 <./pcon.png> <./site.png> <./sced.png>]
Underfull \hbox (badness 10000) in paragraph at lines 328--329

 []


Underfull \hbox (badness 10000) in paragraph at lines 329--334

 []


Underfull \hbox (badness 10000) in paragraph at lines 334--346

 []


Underfull \hbox (badness 10000) in paragraph at lines 334--346

 []

[15

]
Underfull \hbox (badness 10000) in paragraph at lines 347--384

 []


Underfull \hbox (badness 10000) in paragraph at lines 347--384

 []


LaTeX Warning: `h' float specifier changed to `ht'.

[16] [17]
Overfull \hbox (41.35442pt too wide) in paragraph at lines 386--438
[][] 
 []


LaTeX Warning: Float too large for page by 6.16913pt on input line 438.


LaTeX Warning: `h' float specifier changed to `ht'.

[18]
Overfull \hbox (53.1308pt too wide) in paragraph at lines 441--467
[][] 
 []

[19


] <task.png, id=120, 452.4102pt x 152.2488pt>
File: task.png Graphic file (type png)
 <use task.png>
Package pdftex.def Info: task.png used on input line 472.
(pdftex.def)             Requested size: 452.40909pt x 152.24841pt.

Overfull \hbox (34.15541pt too wide) in paragraph at lines 472--473
 [][] 
 []

<schedule.png, id=121, 452.4102pt x 229.8186pt>
File: schedule.png Graphic file (type png)
 <use schedule.png>
Package pdftex.def Info: schedule.png used on input line 477.
(pdftex.def)             Requested size: 452.40909pt x 229.81804pt.

Overfull \hbox (34.15541pt too wide) in paragraph at lines 477--478
 [][] 
 []

[20

 <./task.png> <./schedule.png>] (./Project Plan.aux) ) 
Here is how much of TeX's memory you used:
 3530 strings out of 493089
 46235 string characters out of 6134842
 119497 words of memory out of 5000000
 6917 multiletter control sequences out of 15000+600000
 15907 words of font info for 42 fonts, out of 8000000 for 9000
 1141 hyphenation exceptions out of 8191
 38i,12n,43p,640b,305s stack positions out of 5000i,500n,10000p,200000b,80000s
{/usr/local/texlive/2015/
texmf-dist/fonts/enc/dvips/cm-super/cm-super-t1.enc}</usr/local/texlive/2015/te
xmf-dist/fonts/type1/public/amsfonts/cm/cmmi12.pfb></usr/local/texlive/2015/tex
mf-dist/fonts/type1/public/amsfonts/cm/cmmi8.pfb></usr/local/texlive/2015/texmf
-dist/fonts/type1/public/amsfonts/cm/cmr12.pfb></usr/local/texlive/2015/texmf-d
ist/fonts/type1/public/amsfonts/cm/cmr8.pfb></usr/local/texlive/2015/texmf-dist
/fonts/type1/public/amsfonts/cm/cmsy10.pfb></usr/local/texlive/2015/texmf-dist/
fonts/type1/public/amsfonts/cm/cmsy8.pfb></usr/local/texlive/2015/texmf-dist/fo
nts/type1/public/cm-super/sfbx1200.pfb></usr/local/texlive/2015/texmf-dist/font
s/type1/public/cm-super/sfbx1440.pfb></usr/local/texlive/2015/texmf-dist/fonts/
type1/public/cm-super/sfbx1728.pfb></usr/local/texlive/2015/texmf-dist/fonts/ty
pe1/public/cm-super/sfbx2488.pfb></usr/local/texlive/2015/texmf-dist/fonts/type
1/public/cm-super/sfrm0800.pfb></usr/local/texlive/2015/texmf-dist/fonts/type1/
public/cm-super/sfrm1200.pfb></usr/local/texlive/2015/texmf-dist/fonts/type1/pu
blic/cm-super/sfrm1440.pfb></usr/local/texlive/2015/texmf-dist/fonts/type1/publ
ic/cm-super/sfrm2488.pfb></usr/local/texlive/2015/texmf-dist/fonts/type1/public
/cm-super/sfti1200.pfb>
Output written on "Project Plan.pdf" (21 pages, 1196775 bytes).
PDF statistics:
 176 PDF objects out of 1000 (max. 8388607)
 95 compressed objects within 1 object stream
 0 named destinations out of 1000 (max. 500000)
 106 words of extra memory for PDF output out of 10000 (max. 10000000)

